<?xml version="1.0" encoding="UTF-8"?>
<testng-results ignored="0" total="1" passed="1" failed="0" skipped="0">
  <reporter-output>
  </reporter-output>
  <suite started-at="2025-05-29T10:32:29 IST" name="Default suite" finished-at="2025-05-29T10:32:39 IST" duration-ms="9926">
    <groups>
    </groups>
    <test started-at="2025-05-29T10:32:29 IST" name="Default test" finished-at="2025-05-29T10:32:39 IST" duration-ms="9926">
      <class name="com.internship.idlocater.FindElementId">
        <test-method is-config="true" signature="startReport()[pri:0, instance:com.internship.idlocater.FindElementId@23c30a20]" started-at="2025-05-29T10:32:29 IST" name="startReport" finished-at="2025-05-29T10:32:29 IST" duration-ms="366" status="PASS">
          <reporter-output>
          </reporter-output>
        </test-method> <!-- startReport -->
        <test-method is-config="true" signature="setupTest()[pri:0, instance:com.internship.idlocater.FindElementId@23c30a20]" started-at="2025-05-29T10:32:29 IST" name="setupTest" finished-at="2025-05-29T10:32:29 IST" duration-ms="7" status="PASS">
          <reporter-output>
          </reporter-output>
        </test-method> <!-- setupTest -->
        <test-method signature="setup()[pri:0, instance:com.internship.idlocater.FindElementId@23c30a20]" started-at="2025-05-29T10:32:29 IST" name="setup" finished-at="2025-05-29T10:32:38 IST" duration-ms="8943" status="PASS">
          <reporter-output>
          </reporter-output>
        </test-method> <!-- setup -->
        <test-method is-config="true" signature="tearDown()[pri:0, instance:com.internship.idlocater.FindElementId@23c30a20]" started-at="2025-05-29T10:32:38 IST" name="tearDown" finished-at="2025-05-29T10:32:39 IST" duration-ms="562" status="PASS">
          <reporter-output>
          </reporter-output>
        </test-method> <!-- tearDown -->
      </class> <!-- com.internship.idlocater.FindElementId -->
    </test> <!-- Default test -->
  </suite> <!-- Default suite -->
</testng-results>
